# JRE version: OpenJDK Runtime Environment (11.0.3+12) (build 11.0.3+12-b304.56)
# Java VM: OpenJDK 64-Bit Server VM (11.0.3+12-b304.56, mixed mode, tiered, compressed oops, g1 gc, linux-amd64)
Heap:
 garbage-first heap   total 1052672K, used 61612K [0x0000000085600000, 0x0000000100000000)
  region size 1024K, 1 young (1024K), 1 survivors (1024K)
 Metaspace       used 16313K, capacity 16572K, committed 16768K, reserved 1064960K
  class space    used 2015K, capacity 2104K, committed 2176K, reserved 1048576K
GC Heap History (10 events):
Event: 4,550 GC heap after
{Heap after GC invocations=18 (full 0):
 garbage-first heap   total 348160K, used 61411K [0x0000000085600000, 0x0000000100000000)
  region size 1024K, 3 young (3072K), 3 survivors (3072K)
 Metaspace       used 16313K, capacity 16572K, committed 16768K, reserved 1064960K
  class space    used 2015K, capacity 2104K, committed 2176K, reserved 1048576K
}
Event: 4,622 GC heap before
{Heap before GC invocations=18 (full 0):
 garbage-first heap   total 348160K, used 267235K [0x0000000085600000, 0x0000000100000000)
  region size 1024K, 204 young (208896K), 3 survivors (3072K)
 Metaspace       used 16313K, capacity 16572K, committed 16768K, reserved 1064960K
  class space    used 2015K, capacity 2104K, committed 2176K, reserved 1048576K
}
Event: 4,635 GC heap after
{Heap after GC invocations=19 (full 0):
 garbage-first heap   total 414720K, used 61556K [0x0000000085600000, 0x0000000100000000)
  region size 1024K, 3 young (3072K), 3 survivors (3072K)
 Metaspace       used 16313K, capacity 16572K, committed 16768K, reserved 1064960K
  class space    used 2015K, capacity 2104K, committed 2176K, reserved 1048576K
}
Event: 12,082 GC heap before
{Heap before GC invocations=19 (full 0):
 garbage-first heap   total 414720K, used 298100K [0x0000000085600000, 0x0000000100000000)
  region size 1024K, 234 young (239616K), 3 survivors (3072K)
 Metaspace       used 16313K, capacity 16572K, committed 16768K, reserved 1064960K
  class space    used 2015K, capacity 2104K, committed 2176K, reserved 1048576K
}
Event: 25,027 GC heap after
{Heap after GC invocations=20 (full 0):
 garbage-first heap   total 414720K, used 61659K [0x0000000085600000, 0x0000000100000000)
  region size 1024K, 3 young (3072K), 3 survivors (3072K)
 Metaspace       used 16313K, capacity 16572K, committed 16768K, reserved 1064960K
  class space    used 2015K, capacity 2104K, committed 2176K, reserved 1048576K
}
Event: 35,245 GC heap before
{Heap before GC invocations=20 (full 0):
 garbage-first heap   total 414720K, used 79067K [0x0000000085600000, 0x0000000100000000)
  region size 1024K, 20 young (20480K), 3 survivors (3072K)
 Metaspace       used 16313K, capacity 16572K, committed 16768K, reserved 1064960K
  class space    used 2015K, capacity 2104K, committed 2176K, reserved 1048576K
}
Event: 39,162 GC heap after
{Heap after GC invocations=21 (full 0):
 garbage-first heap   total 414720K, used 61787K [0x0000000085600000, 0x0000000100000000)
  region size 1024K, 1 young (1024K), 1 survivors (1024K)
 Metaspace       used 16313K, capacity 16572K, committed 16768K, reserved 1064960K
  class space    used 2015K, capacity 2104K, committed 2176K, reserved 1048576K
}
Event: 52,224 GC heap before
{Heap before GC invocations=21 (full 0):
 garbage-first heap   total 414720K, used 81243K [0x0000000085600000, 0x0000000100000000)
  region size 1024K, 20 young (20480K), 1 survivors (1024K)
 Metaspace       used 16313K, capacity 16572K, committed 16768K, reserved 1064960K
  class space    used 2015K, capacity 2104K, committed 2176K, reserved 1048576K
}
Event: 57,135 GC heap after
{Heap after GC invocations=22 (full 0):
 garbage-first heap   total 414720K, used 61518K [0x0000000085600000, 0x0000000100000000)
  region size 1024K, 1 young (1024K), 1 survivors (1024K)
 Metaspace       used 16313K, capacity 16572K, committed 16768K, reserved 1064960K
  class space    used 2015K, capacity 2104K, committed 2176K, reserved 1048576K
}
Event: 60,726 GC heap before
{Heap before GC invocations=22 (full 0):
 garbage-first heap   total 414720K, used 80974K [0x0000000085600000, 0x0000000100000000)
  region size 1024K, 20 young (20480K), 1 survivors (1024K)
 Metaspace       used 16313K, capacity 16572K, committed 16768K, reserved 1064960K
  class space    used 2015K, capacity 2104K, committed 2176K, reserved 1048576K
}

